<?xml version="1.0" encoding="UTF-8"?>
<!-- Generated by org.testng.reporters.JUnitXMLReporter -->
<testsuite ignored="0" hostname="DESKTOP-TQM5NJC" failures="0" tests="6" name="Surefire test" time="0.132" errors="0" timestamp="2021-09-23T07:47:34 PDT">
  <testcase classname="qaclcikacademy.AppiumTest" name="IOSAppAndroid" time="0.01"/>
  <testcase classname="qaclcikacademy.AppiumTest" name="NativeAppAndroid" time="0.001"/>
  <testcase classname="qaclcikacademy.RestAPiTest" name="DeleteTwitter" time="0.001"/>
  <testcase classname="qaclcikacademy.RestAPiTest" name="PostJira" time="0.0"/>
  <testcase classname="qaclcikacademy.SeleniumTest" name="BrowserAutomation" time="0.001"/>
  <testcase classname="qaclcikacademy.SeleniumTest" name="elementsUI" time="0.001"/>
</testsuite> <!-- Surefire test -->
