<?xml version="1.0" encoding="UTF-8"?>
<testng-results ignored="0" total="6" passed="6" failed="0" skipped="0">
  <reporter-output>
  </reporter-output>
  <suite started-at="2021-09-23T07:47:34 PDT" name="Surefire suite" finished-at="2021-09-23T07:47:34 PDT" duration-ms="132">
    <groups>
    </groups>
    <test started-at="2021-09-23T07:47:34 PDT" name="Surefire test" finished-at="2021-09-23T07:47:34 PDT" duration-ms="132">
      <class name="qaclcikacademy.AppiumTest">
        <test-method signature="IOSAppAndroid()[pri:0, instance:qaclcikacademy.AppiumTest@4802796d]" started-at="2021-09-23T07:47:34 PDT" name="IOSAppAndroid" finished-at="2021-09-23T07:47:34 PDT" duration-ms="10" status="PASS">
          <reporter-output>
          </reporter-output>
        </test-method> <!-- IOSAppAndroid -->
        <test-method signature="NativeAppAndroid()[pri:0, instance:qaclcikacademy.AppiumTest@4802796d]" started-at="2021-09-23T07:47:34 PDT" name="NativeAppAndroid" finished-at="2021-09-23T07:47:34 PDT" duration-ms="1" status="PASS">
          <reporter-output>
          </reporter-output>
        </test-method> <!-- NativeAppAndroid -->
      </class> <!-- qaclcikacademy.AppiumTest -->
      <class name="qaclcikacademy.SeleniumTest">
        <test-method signature="BrowserAutomation()[pri:0, instance:qaclcikacademy.SeleniumTest@59474f18]" started-at="2021-09-23T07:47:34 PDT" name="BrowserAutomation" finished-at="2021-09-23T07:47:34 PDT" duration-ms="1" status="PASS">
          <reporter-output>
          </reporter-output>
        </test-method> <!-- BrowserAutomation -->
        <test-method signature="elementsUI()[pri:0, instance:qaclcikacademy.SeleniumTest@59474f18]" started-at="2021-09-23T07:47:34 PDT" name="elementsUI" finished-at="2021-09-23T07:47:34 PDT" duration-ms="1" status="PASS">
          <reporter-output>
          </reporter-output>
        </test-method> <!-- elementsUI -->
      </class> <!-- qaclcikacademy.SeleniumTest -->
      <class name="qaclcikacademy.RestAPiTest">
        <test-method signature="DeleteTwitter()[pri:0, instance:qaclcikacademy.RestAPiTest@34123d65]" started-at="2021-09-23T07:47:34 PDT" name="DeleteTwitter" finished-at="2021-09-23T07:47:34 PDT" duration-ms="1" status="PASS">
          <reporter-output>
          </reporter-output>
        </test-method> <!-- DeleteTwitter -->
        <test-method signature="PostJira()[pri:0, instance:qaclcikacademy.RestAPiTest@34123d65]" started-at="2021-09-23T07:47:34 PDT" name="PostJira" finished-at="2021-09-23T07:47:34 PDT" duration-ms="0" status="PASS">
          <reporter-output>
          </reporter-output>
        </test-method> <!-- PostJira -->
      </class> <!-- qaclcikacademy.RestAPiTest -->
    </test> <!-- Surefire test -->
  </suite> <!-- Surefire suite -->
</testng-results>
